<?xml version="1.0" encoding="UTF-8"?>
<!-- Generated by org.testng.reporters.JUnitXMLReporter -->
<testsuite hostname="newt-1765" name="Default test" tests="1" failures="0" timestamp="28 Apr 2016 13:38:35 GMT" time="0.078" errors="0">
  <testcase name="@BeforeTest beforeTest" time="0.0" classname="test.ElectronicsComparisonTest">
    <failure type="org.testng.TestNGException" message="
Parameter &amp;apos;mobileOS&amp;apos; is required by @Configuration on method beforeTest but has not been marked @Optional or defined
in C:\Users\sdevbrath.NEWTGLOBAL\AppData\Local\Temp\testng-eclipse--628170621\testng-customsuite.xml">
      <![CDATA[org.testng.TestNGException: 
Parameter 'mobileOS' is required by @Configuration on method beforeTest but has not been marked @Optional or defined
in C:\Users\sdevbrath.NEWTGLOBAL\AppData\Local\Temp\testng-eclipse--628170621\testng-customsuite.xml
	at org.testng.internal.Parameters.createParameters(Parameters.java:154)
	at org.testng.internal.Parameters.createParameters(Parameters.java:361)
	at org.testng.internal.Parameters.createConfigurationParameters(Parameters.java:84)
	at org.testng.internal.Invoker.invokeConfigurations(Invoker.java:202)
	at org.testng.internal.Invoker.invokeConfigurations(Invoker.java:143)
	at org.testng.TestRunner.beforeRun(TestRunner.java:656)
	at org.testng.TestRunner.run(TestRunner.java:624)
	at org.testng.SuiteRunner.runTest(SuiteRunner.java:366)
	at org.testng.SuiteRunner.runSequentially(SuiteRunner.java:361)
	at org.testng.SuiteRunner.privateRun(SuiteRunner.java:319)
	at org.testng.SuiteRunner.run(SuiteRunner.java:268)
	at org.testng.SuiteRunnerWorker.runSuite(SuiteRunnerWorker.java:52)
	at org.testng.SuiteRunnerWorker.run(SuiteRunnerWorker.java:86)
	at org.testng.TestNG.runSuitesSequentially(TestNG.java:1225)
	at org.testng.TestNG.runSuitesLocally(TestNG.java:1150)
	at org.testng.TestNG.runSuites(TestNG.java:1075)
	at org.testng.TestNG.run(TestNG.java:1047)
	at org.testng.remote.AbstractRemoteTestNG.run(AbstractRemoteTestNG.java:126)
	at org.testng.remote.RemoteTestNG.initAndRun(RemoteTestNG.java:137)
	at org.testng.remote.RemoteTestNG.main(RemoteTestNG.java:58)
]]>
    </failure>
  </testcase> <!-- @BeforeTest beforeTest -->
  <testcase name="@AfterTest afterTest" time="0.0" classname="test.ElectronicsComparisonTest">
    <skipped/>
  </testcase> <!-- @AfterTest afterTest -->
  <testcase name="selectSuitableDevices" time="0.012" classname="test.ElectronicsComparisonTest">
    <skipped/>
  </testcase> <!-- selectSuitableDevices -->
</testsuite> <!-- Default test -->
