<?xml version="1.0" encoding="UTF-8"?>
<!-- Generated by org.testng.reporters.JUnitXMLReporter -->
<testsuite hostname="NEWT526" ignored="0" name="Default test" tests="2" failures="0" timestamp="02 Nov 2017 08:23:56 GMT" time="0.085" errors="0">
  <testcase name="@BeforeMethod beforeMethod" time="0.0" classname="TC_Driver.stockApp_Flow">
    <failure type="org.testng.TestNGException" message="
Parameter &amp;apos;mobileOS&amp;apos; is required by BeforeMethod on method beforeMethod but has not been marked @Optional or defined
in C:\Users\Shahed\AppData\Local\Temp\testng-eclipse-909164002\testng-customsuite.xml">
      <![CDATA[org.testng.TestNGException: 
Parameter 'mobileOS' is required by BeforeMethod on method beforeMethod but has not been marked @Optional or defined
in C:\Users\Shahed\AppData\Local\Temp\testng-eclipse-909164002\testng-customsuite.xml
	at org.testng.internal.Parameters.createParams(Parameters.java:248)
	at org.testng.internal.Parameters.createParametersForMethod(Parameters.java:286)
	at org.testng.internal.Parameters.createParameters(Parameters.java:547)
	at org.testng.internal.Parameters.createConfigurationParameters(Parameters.java:150)
	at org.testng.internal.Invoker.invokeConfigurations(Invoker.java:206)
	at org.testng.internal.Invoker.invokeMethod(Invoker.java:599)
	at org.testng.internal.Invoker.invokeTestMethod(Invoker.java:877)
	at org.testng.internal.Invoker.invokeTestMethods(Invoker.java:1201)
	at org.testng.internal.TestMethodWorker.invokeTestMethods(TestMethodWorker.java:125)
	at org.testng.internal.TestMethodWorker.run(TestMethodWorker.java:109)
	at org.testng.TestRunner.privateRun(TestRunner.java:776)
	at org.testng.TestRunner.run(TestRunner.java:634)
	at org.testng.SuiteRunner.runTest(SuiteRunner.java:425)
	at org.testng.SuiteRunner.runSequentially(SuiteRunner.java:420)
	at org.testng.SuiteRunner.privateRun(SuiteRunner.java:385)
	at org.testng.SuiteRunner.run(SuiteRunner.java:334)
	at org.testng.SuiteRunnerWorker.runSuite(SuiteRunnerWorker.java:52)
	at org.testng.SuiteRunnerWorker.run(SuiteRunnerWorker.java:86)
	at org.testng.TestNG.runSuitesSequentially(TestNG.java:1318)
	at org.testng.TestNG.runSuitesLocally(TestNG.java:1243)
	at org.testng.TestNG.runSuites(TestNG.java:1161)
	at org.testng.TestNG.run(TestNG.java:1129)
	at org.testng.remote.AbstractRemoteTestNG.run(AbstractRemoteTestNG.java:114)
	at org.testng.remote.RemoteTestNG.initAndRun(RemoteTestNG.java:251)
	at org.testng.remote.RemoteTestNG.main(RemoteTestNG.java:77)
]]>
    </failure>
  </testcase> <!-- @BeforeMethod beforeMethod -->
  <testcase name="@AfterMethod afterTest" time="0.0" classname="TC_Driver.stockApp_Flow">
    <skipped/>
  </testcase> <!-- @AfterMethod afterTest -->
  <testcase name="@BeforeMethod beforeMethod" time="0.0" classname="TC_Driver.stockApp_Flow">
    <skipped/>
  </testcase> <!-- @BeforeMethod beforeMethod -->
  <testcase name="@AfterMethod afterTest" time="0.0" classname="TC_Driver.stockApp_Flow">
    <skipped/>
  </testcase> <!-- @AfterMethod afterTest -->
  <testcase name="RetriveStockPrice" time="0.0" classname="TC_Driver.stockApp_Flow">
    <skipped/>
  </testcase> <!-- RetriveStockPrice -->
  <testcase name="RetriveStockPrice" time="0.0" classname="TC_Driver.stockApp_Flow">
    <skipped/>
  </testcase> <!-- RetriveStockPrice -->
</testsuite> <!-- Default test -->
